Task started at pi 31. 05. 2024 21:51:37,84 
Running download_xml.py for original supplier 
Running modify_xml.py for original supplier 
Feed bol konvertovaný a uložený ako 'modified_supplier.xml'.
Running modify_xml_rosler.py for Rosler supplier 
Feed bol konvertovaný a uložený ako 'C:\Users\larso\xml_project\modified_rosler_supplier.xml'.
Running modify_xml_opinel.py for Opinel supplier 
Feed bol konvertovaný a uložený ako 'C:\Users\larso\xml_project\modified_opinel_supplier.xml'.
Forcing timestamp update on XML files 
        1 file(s) copied.
        1 file(s) copied.
        1 file(s) copied.
Running git commands 
On branch master
Untracked files:
  (use "git add <file>..." to include in what will be committed)
	download_xml.py
	download_xml_opinel.py
	download_xml_rosler.py
	existing_products.xml
	modify_xml.py
	modify_xml_opinel.py
	modify_xml_rosler.py
	opinel_supplier.xml
	rosler_supplier.xml
	supplier.xml
	upload_to_github.bat
	upload_to_github.log

nothing added to commit but untracked files present (use "git add" to track)
Everything up-to-date
Task finished at pi 31. 05. 2024 21:51:44,93 
